<?xml version="1.0" encoding="UTF-8"?>
<coverage generated="1789625890298" clover="3.2.0">
  <project timestamp="1789625890298" name="All files">
    <metrics statements="17" coveredstatements="6" conditionals="4" coveredconditionals="0" methods="6" coveredmethods="1" elements="27" coveredelements="7" complexity="0" loc="17" ncloc="17" packages="1" files="3" classes="3"/>
    <file name="async.js" path="D:\Muhammad Rifky Ramadani\Latihan Programming\nodejs\nodejs-unit-test\src\async.js">
      <metrics statements="6" coveredstatements="0" conditionals="2" coveredconditionals="0" methods="3" coveredmethods="0"/>
      <line num="1" count="0" type="stmt"/>
      <line num="2" count="0" type="stmt"/>
      <line num="3" count="0" type="stmt"/>
      <line num="4" count="0" type="cond" truecount="0" falsecount="2"/>
      <line num="5" count="0" type="stmt"/>
      <line num="7" count="0" type="stmt"/>
    </file>
    <file name="exception.js" path="D:\Muhammad Rifky Ramadani\Latihan Programming\nodejs\nodejs-unit-test\src\exception.js">
      <metrics statements="4" coveredstatements="0" conditionals="2" coveredconditionals="0" methods="1" coveredmethods="0"/>
      <line num="3" count="0" type="stmt"/>
      <line num="4" count="0" type="cond" truecount="0" falsecount="2"/>
      <line num="5" count="0" type="stmt"/>
      <line num="7" count="0" type="stmt"/>
    </file>
    <file name="sum.js" path="D:\Muhammad Rifky Ramadani\Latihan Programming\nodejs\nodejs-unit-test\src\sum.js">
      <metrics statements="7" coveredstatements="6" conditionals="0" coveredconditionals="0" methods="2" coveredmethods="1"/>
      <line num="1" count="1" type="stmt"/>
      <line num="2" count="0" type="stmt"/>
      <line num="5" count="1" type="stmt"/>
      <line num="6" count="2" type="stmt"/>
      <line num="7" count="2" type="stmt"/>
      <line num="8" count="8" type="stmt"/>
      <line num="10" count="2" type="stmt"/>
    </file>
  </project>
</coverage>
